 
****************************************
Report : area
Design : fp16MAC
Version: O-2018.06-SP4
Date   : Fri Dec 23 03:08:16 2022
****************************************

Information: Updating design information... (UID-85)
Library(s) Used:

    saed32rvt_ff1p16vn40c (File: /data/SYNOPSYS/lib/32nm/SAED32_EDK/lib/stdcell_rvt/db_ccs/saed32rvt_ff1p16vn40c.db)

Number of ports:                         3259
Number of nets:                          5468
Number of cells:                         2681
Number of combinational cells:           2133
Number of sequential cells:                48
Number of macros/black boxes:               0
Number of buf/inv:                        130
Number of references:                       4

Combinational area:               6334.793365
Buf/Inv area:                      166.718465
Noncombinational area:             341.569542
Macro/Black Box area:                0.000000
Net Interconnect area:             935.909335

Total cell area:                  6676.362907
Total area:                       7612.272242
1
