 
****************************************
Report : area
Design : fp16MAC
Version: O-2018.06-SP4
Date   : Fri Dec 23 02:46:51 2022
****************************************

Information: Updating design information... (UID-85)
Library(s) Used:

    saed32rvt_ff1p16vn40c (File: /data/SYNOPSYS/lib/32nm/SAED32_EDK/lib/stdcell_rvt/db_ccs/saed32rvt_ff1p16vn40c.db)

Number of ports:                         3461
Number of nets:                          5699
Number of cells:                         2766
Number of combinational cells:           2183
Number of sequential cells:                48
Number of macros/black boxes:               0
Number of buf/inv:                        130
Number of references:                       4

Combinational area:               6449.158168
Buf/Inv area:                      166.718465
Noncombinational area:             341.569542
Macro/Black Box area:                0.000000
Net Interconnect area:             960.827694

Total cell area:                  6790.727710
Total area:                       7751.555403
1
