 
****************************************
Report : area
Design : fp16MAC
Version: O-2018.06-SP4
Date   : Fri Dec 23 04:05:21 2022
****************************************

Information: Updating design information... (UID-85)
Library(s) Used:

    saed32rvt_ff1p16vn40c (File: /data/SYNOPSYS/lib/32nm/SAED32_EDK/lib/stdcell_rvt/db_ccs/saed32rvt_ff1p16vn40c.db)

Number of ports:                         3346
Number of nets:                          5580
Number of cells:                         2702
Number of combinational cells:           2108
Number of sequential cells:                85
Number of macros/black boxes:               0
Number of buf/inv:                        126
Number of references:                       4

Combinational area:               6388.926038
Buf/Inv area:                      160.873153
Noncombinational area:             586.056078
Macro/Black Box area:                0.000000
Net Interconnect area:            1003.071828

Total cell area:                  6974.982116
Total area:                       7978.053944
1
