
Warning-[LINX_KRNL] Unsupported Linux kernel
  Linux kernel '5.4.0-132-generic' is not supported.
  Supported versions are 2.4* or 2.6*.

Command: vcs -debug_access+all -sverilog -kdb -lca -l func_sim.log ../TESTBENCH/tb_fp16MAC.v \
../../RTL/fp16multiplier.v ../../RTL/fpadder.v ../../RTL/fp16MAC.v ../../RTL/1bit_adder.v \

                         Chronologic VCS (TM)
          Version M-2017.03-SP2 -- Fri Dec 23 23:57:39 2022
               Copyright (c) 1991-2017 by Synopsys Inc.
                         ALL RIGHTS RESERVED

This program is proprietary and confidential information of Synopsys Inc.
and may be used and disclosed only as authorized in a license agreement
controlling such use and disclosure.


Warning-[LCA_FEATURES_ENABLED] Usage warning
  LCA features enabled by '-lca' argument on the command line.  For more 
  information regarding list of LCA features please refer to Chapter "LCA 
  features" in the VCS/VCS-MX Release Notes

Parsing design file '../TESTBENCH/tb_fp16MAC.v'
Parsing design file '../../RTL/fp16multiplier.v'
Parsing design file '../../RTL/fpadder.v'
Parsing design file '../../RTL/fp16MAC.v'
Parsing design file '../../RTL/1bit_adder.v'
Top Level Modules:
       tb_fp16MAC
       karastuba_12bit
       karastuba_11bit_test
       karastuba_12bit_test
       fp16multiplier_pipe
       CSA
TimeScale is 1 ns / 1 ps
Starting vcs inline pass...
Notice: Ports coerced to inout, use -notice for details
12 unique modules to generate
recompiling module tb_fp16MAC
recompiling module RCA
recompiling module vedic_4bit
recompiling module karastuba_6bit
recompiling module karastuba_12bit
recompiling module karastuba_11bit_test
recompiling module karastuba_12bit_test
recompiling module menMult
recompiling module encoder_a
recompiling module fp16multiplier_pipe
recompiling module CSA
recompiling module fp16MAC
All of 12 modules done
rm -f _csrc*.so pre_vcsobj_*.so share_vcsobj_*.so
ld -m elf_i386 -shared  -o .//../simv.daidir//_csrc0.so objs/eNvia_d.o objs/yNvz0_d.o \
objs/ehnx4_d.o objs/niYej_d.o objs/SrZub_d.o objs/fDGFP_d.o objs/QMbwx_d.o objs/ryz4W_d.o \
objs/AEWT8_d.o objs/reYIK_d.o objs/BVMSK_d.o objs/yMrAT_d.o objs/dEMT0_d.o objs/JFeZ2_d.o \
objs/p6jTb_d.o amcQwB.o objs/Cx9zp_d.o objs/tuUAY_d.o objs/Z11GV_d.o 
rm -f _csrc0.so
if [ -x ../simv ]; then chmod -x ../simv; fi
g++  -o ../simv   -Wl,-rpath-link=./ -Wl,-rpath='$ORIGIN'/simv.daidir/ -Wl,-rpath=./simv.daidir/ \
-Wl,-rpath='$ORIGIN'/simv.daidir//scsim.db.dir  -m32 -L/usr/lib/i386-linux-gnu -L/lib/i386-linux-gnu \
-L/usr/lib/gcc/i686-linux-gnu -Wl,--no-as-needed -m32 -rdynamic   objs/amcQw_d.o \
_csrc0.so  SIM_l.o  _csrc0.so     rmapats_mop.o rmapats.o rmar.o rmar_nd.o  rmar_llvm_0_1.o \
rmar_llvm_0_0.o          /data/SYNOPSYS/vcs-mx/M-2017.03-SP2/linux/lib/libzerosoft_rt_stubs.so \
/data/SYNOPSYS/vcs-mx/M-2017.03-SP2/linux/lib/libvirsim.so /data/SYNOPSYS/vcs-mx/M-2017.03-SP2/linux/lib/liberrorinf.so \
/data/SYNOPSYS/vcs-mx/M-2017.03-SP2/linux/lib/libsnpsmalloc.so    /data/SYNOPSYS/vcs-mx/M-2017.03-SP2/linux/lib/libvcsnew.so \
/data/SYNOPSYS/vcs-mx/M-2017.03-SP2/linux/lib/libsimprofile.so /data/SYNOPSYS/vcs-mx/M-2017.03-SP2/linux/lib/libuclinative.so \
/data/SYNOPSYS/vcs-mx/M-2017.03-SP2/linux/lib/vcs_tls.o   -Wl,-whole-archive /data/SYNOPSYS/vcs-mx/M-2017.03-SP2/linux/lib/libvcsucli.so \
-Wl,-no-whole-archive        _vcs_pli_stub_.o   /data/SYNOPSYS/vcs-mx/M-2017.03-SP2/linux/lib/vcs_save_restore_new.o \
/data/SYNOPSYS/verdi/Verdi_M-2017.03-SP2/share/PLI/VCS/LINUX/pli.a /data/SYNOPSYS/vcs-mx/M-2017.03-SP2/linux/lib/ctype-stubs_32.a \
-ldl  -lc -lm -lpthread -ldl 
../simv up to date
CPU time: 1.005 seconds to compile + .470 seconds to elab + .523 seconds to link
