ANF: vcsd_get_serial_mode_status('./simv: undefined symbol: vcsd_get_serial_mode_status')
ANF: vcsd_begin_no_value_var_info('./simv: undefined symbol: vcsd_begin_no_value_var_info')
ANF: vcsd_end_no_value_var_info('./simv: undefined symbol: vcsd_end_no_value_var_info')
ANF: vhpi_get_cb_info('./simv: undefined symbol: vhpi_get_cb_info')
ANF: scsd_xprop_is_enabled('./simv: undefined symbol: scsd_xprop_is_enabled')
ANF: scsd_xprop_sig_is_promoted('./simv: undefined symbol: scsd_xprop_sig_is_promoted')
ANF: scsd_xprop_int_xvalue('./simv: undefined symbol: scsd_xprop_int_xvalue')
ANF: scsd_xprop_bool_xvalue('./simv: undefined symbol: scsd_xprop_bool_xvalue')
ANF: scsd_xprop_enum_xvalue('./simv: undefined symbol: scsd_xprop_enum_xvalue')
ANF: scsd_xprop_register_merge_mode_cb('./simv: undefined symbol: scsd_xprop_register_merge_mode_cb')
ANF: scsd_xprop_delete_merge_mode_cb('./simv: undefined symbol: scsd_xprop_delete_merge_mode_cb')
ANF: scsd_xprop_get_merge_mode('./simv: undefined symbol: scsd_xprop_get_merge_mode')
ANF: msvEnableDumpingMode('./simv: undefined symbol: msvEnableDumpingMode')
ANF: msvGetVersion('./simv: undefined symbol: msvGetVersion')
ANF: msvGetInstProp('./simv: undefined symbol: msvGetInstProp')
ANF: msvIsSpiceEngineReady('./simv: undefined symbol: msvIsSpiceEngineReady')
ANF: msvSetAddProbeCallback('./simv: undefined symbol: msvSetAddProbeCallback')
ANF: msvGetInstHandle('./simv: undefined symbol: msvGetInstHandle')
ANF: msvGetProbeByInst('./simv: undefined symbol: msvGetProbeByInst')
ANF: msvGetSigHandle('./simv: undefined symbol: msvGetSigHandle')
ANF: msvGetProbeBySig('./simv: undefined symbol: msvGetProbeBySig')
ANF: msvGetProbeInfo('./simv: undefined symbol: msvGetProbeInfo')
ANF: msvRelease('./simv: undefined symbol: msvRelease')
ANF: msvSetVcCallbackFunc('./simv: undefined symbol: msvSetVcCallbackFunc')
ANF: msvCheckVcCallback('./simv: undefined symbol: msvCheckVcCallback')
ANF: msvAddVcCallback('./simv: undefined symbol: msvAddVcCallback')
ANF: msvRemoveVcCallback('./simv: undefined symbol: msvRemoveVcCallback')
ANF: msvGetLatestValue('./simv: undefined symbol: msvGetLatestValue')
ANF: msvSetEndofSimCallback('./simv: undefined symbol: msvSetEndofSimCallback')
ANF: msvIgnoredProbe('./simv: undefined symbol: msvIgnoredProbe')
ANF: msvGetThruNetInfo('./simv: undefined symbol: msvGetThruNetInfo')
ANF: msvFreeThruNetInfo('./simv: undefined symbol: msvFreeThruNetInfo')
ANF: PI_ace_get_output_time_unit('./simv: undefined symbol: PI_ace_get_output_time_unit')
ANF: PI_ace_sim_sync('./simv: undefined symbol: PI_ace_sim_sync')
ANF: msvGetRereadInitFile('./simv: undefined symbol: msvGetRereadInitFile')
ANF: msvSetBeforeRereadCallback('./simv: undefined symbol: msvSetBeforeRereadCallback')
ANF: msvSetAfterRereadCallback('./simv: undefined symbol: msvSetAfterRereadCallback')
ANF: msvSetForceCallback('./simv: undefined symbol: msvSetForceCallback')
ANF: msvSetReleaseCallback('./simv: undefined symbol: msvSetReleaseCallback')
ANF: msvGetForceStatus('./simv: undefined symbol: msvGetForceStatus')
ANF: vdi_def_get_module_info('./simv: undefined symbol: vdi_def_get_module_info')
ANF: vhdi_dt_get_type('./simv: undefined symbol: vhdi_dt_get_type')
ANF: vhdi_dt_get_key('./simv: undefined symbol: vhdi_dt_get_key')
ANF: vhdi_dt_get_vhdl_enum_info('./simv: undefined symbol: vhdi_dt_get_vhdl_enum_info')
ANF: vhdi_dt_get_vhdl_physical_info('./simv: undefined symbol: vhdi_dt_get_vhdl_physical_info')
ANF: vhdi_dt_get_vhdl_array_info('./simv: undefined symbol: vhdi_dt_get_vhdl_array_info')
ANF: vhdi_dt_get_vhdl_record_info('./simv: undefined symbol: vhdi_dt_get_vhdl_record_info')
ANF: vhdi_def_traverse_module('./simv: undefined symbol: vhdi_def_traverse_module')
ANF: vhdi_def_traverse_scope('./simv: undefined symbol: vhdi_def_traverse_scope')
ANF: vhdi_def_traverse_variable('./simv: undefined symbol: vhdi_def_traverse_variable')
ANF: vhdi_def_get_module_id_by_vhpi('./simv: undefined symbol: vhdi_def_get_module_id_by_vhpi')
ANF: vhdi_def_get_handle_by_module_id('./simv: undefined symbol: vhdi_def_get_handle_by_module_id')
ANF: vhdi_def_get_variable_info_by_vhpi('./simv: undefined symbol: vhdi_def_get_variable_info_by_vhpi')
ANF: vhdi_def_free('./simv: undefined symbol: vhdi_def_free')
ANF: vhdi_ist_traverse_scope('./simv: undefined symbol: vhdi_ist_traverse_scope')
ANF: vhdi_ist_traverse_variable('./simv: undefined symbol: vhdi_ist_traverse_variable')
ANF: vhdi_ist_convert_by_vhpi('./simv: undefined symbol: vhdi_ist_convert_by_vhpi')
ANF: vhdi_ist_clone('./simv: undefined symbol: vhdi_ist_clone')
ANF: vhdi_ist_free('./simv: undefined symbol: vhdi_ist_free')
ANF: vhdi_ist_hash_key('./simv: undefined symbol: vhdi_ist_hash_key')
ANF: vhdi_ist_compare('./simv: undefined symbol: vhdi_ist_compare')
ANF: vhdi_ist_get_value_addr('./simv: undefined symbol: vhdi_ist_get_value_addr')
ANF: vhdi_set_scsd_callback('./simv: undefined symbol: vhdi_set_scsd_callback')
ANF: vhdi_cbk_set_force_callback('./simv: undefined symbol: vhdi_cbk_set_force_callback')
ANF: vhdi_trigger_init_force('./simv: undefined symbol: vhdi_trigger_init_force')
ANF: vhdi_ist_check_scsd_callback('./simv: undefined symbol: vhdi_ist_check_scsd_callback')
ANF: vhdi_ist_add_scsd_callback('./simv: undefined symbol: vhdi_ist_add_scsd_callback')
ANF: vhdi_ist_remove_scsd_callback('./simv: undefined symbol: vhdi_ist_remove_scsd_callback')
ANF: vhdi_ist_get_scsd_user_data('./simv: undefined symbol: vhdi_ist_get_scsd_user_data')
ANF: vhdi_add_time_change_callback('./simv: undefined symbol: vhdi_add_time_change_callback')
ANF: vhdi_get_real_value_by_value_addr('./simv: undefined symbol: vhdi_get_real_value_by_value_addr')
ANF: vhdi_get_64_value_by_value_addr('./simv: undefined symbol: vhdi_get_64_value_by_value_addr')
ANF: vhdi_xprop_inst_is_promoted('./simv: undefined symbol: vhdi_xprop_inst_is_promoted')
ANF: vdi_ist_convert_by_vhdi('./simv: undefined symbol: vdi_ist_convert_by_vhdi')
ANF: vhdi_ist_get_module_id('./simv: undefined symbol: vhdi_ist_get_module_id')
ANF: vhdi_refine_foreign_scope_type('./simv: undefined symbol: vhdi_refine_foreign_scope_type')
ANF: vhdi_flush_callback('./simv: undefined symbol: vhdi_flush_callback')
VCS compile option:
 option[0]: ./simv
 option[1]: -ucli
 option[2]: -i
 option[3]: fsdb.tcl
 option[4]: -l
 option[5]: func_simv.log
 option[6]: /data/SYNOPSYS/vcs-mx/M-2017.03-SP2/linux/bin/vcs1
 option[7]: -Mcc=gcc
 option[8]: -Mcplusplus=g++
 option[9]: -Masflags=--32
 option[10]: -Mcfl= -pipe -m32 -O -I/data/SYNOPSYS/vcs-mx/M-2017.03-SP2/include 
 option[11]: -Mxcflags= -pipe -m32 -I/data/SYNOPSYS/vcs-mx/M-2017.03-SP2/include
 option[12]: -Mldflags= -m32 -L/usr/lib/i386-linux-gnu -L/lib/i386-linux-gnu -L/usr/lib/gcc/i686-linux-gnu -Wl,--no-as-needed -m32 -rdynamic 
 option[13]: -Mout=simv
 option[14]: -Mamsrun=
 option[15]: -Mvcsaceobjs=
 option[16]: -Mobjects= /data/SYNOPSYS/vcs-mx/M-2017.03-SP2/linux/lib/libvirsim.so /data/SYNOPSYS/vcs-mx/M-2017.03-SP2/linux/lib/liberrorinf.so /data/SYNOPSYS/vcs-mx/M-2017.03-SP2/linux/lib/libsnpsmalloc.so 
 option[17]: -Mexternalobj=
 option[18]: -Msaverestoreobj=/data/SYNOPSYS/vcs-mx/M-2017.03-SP2/linux/lib/vcs_save_restore_new.o
 option[19]: -Mcrt0=
 option[20]: -Mcrtn=
 option[21]: -Mcsrc=
 option[22]: -Msyslibs=/data/SYNOPSYS/verdi/Verdi_M-2017.03-SP2/share/PLI/VCS/LINUX/pli.a /data/SYNOPSYS/vcs-mx/M-2017.03-SP2/linux/lib/ctype-stubs_32.a -ldl 
 option[23]: -l
 option[24]: func_sim.log
 option[25]: -debug_access+all
 option[26]: +vpi
 option[27]: +vcsd1
 option[28]: +itf+/data/SYNOPSYS/vcs-mx/M-2017.03-SP2/linux/lib/vcsdp_lite.tab
 option[29]: -kdb
 option[30]: -Xufe=2steps
 option[31]: -lca
 option[32]: -picarchive
 option[33]: -P
 option[34]: /data/SYNOPSYS/verdi/Verdi_M-2017.03-SP2/share/PLI/VCS/LINUX/verdi.tab
 option[35]: -fsdb
 option[36]: -sverilog
 option[37]: -gen_obj
 option[38]: ../TESTBENCH/tb_fp16MAC.v
 option[39]: ../../RTL/fp16multiplier.v
 option[40]: ../../RTL/fpadder.v
 option[41]: ../../RTL/fp16MAC.v
 option[42]: ../../RTL/1bit_adder.v
 option[43]: -load
 option[44]: /data/SYNOPSYS/verdi/Verdi_M-2017.03-SP2/share/PLI/VCS/LINUX/libnovas.so:FSDBDumpCmd
Chronologic Simulation VCS Release M-2017.03-SP2
Linux 5.4.0-132-generic #148~18.04.1-Ubuntu SMP Mon Oct 24 20:41:14 UTC 2022 x86_64
CPU cores: 40
Limit information:
======================================
cputime			unlimited
filesize		unlimited
datasize		unlimited
stacksize		131072 kbytes
coredumpsize	0 kbytes
memoryuse		unlimited
vmemoryuse		unlimited
descriptors		1048576
memorylocked	65536 kbytes
maxproc			255728
======================================
(Special)Runtime environment variables:

Cannot get runtime environment variables: environ is NULL
Runtime command line arguments:
argv[0]=./simv
argv[1]=-ucli
argv[2]=-i
argv[3]=fsdb.tcl
argv[4]=-l
argv[5]=func_simv.log
149 profile - 100
          CPU/Mem usage: 0.100 sys,  0.340 user,  131.69M sys,  0.00M vm
150 VC callback profile - scalar:0 vector:0
151 Fri Dec 23 23:57:42 2022
152 pliAppInit
153 Enable VD Dumper
154 FSDB_GATE is set.
155 FSDB_RTL is set.
156 Enable Parallel Dumping.
157 pliAppMiscSet: New Sim Round
158 pliEntryInit
159 LIBSSCORE=found /data/SYNOPSYS/verdi/Verdi_M-2017.03-SP2/share/PLI/lib/LINUX/libsscore_vcs201703.so through $NOVAS_HOME setting.
160 FSDB Dumper for VCS, Release Verdi_M-2017.03-SP2, Linux, 08/20/2017
161 (C) 1996 - 2017 by Synopsys, Inc.
162 sps_call_fsdbDumpfile_main at 0 : ../TESTBENCH/tb_fp16MAC.v(3)
163 argv[0]: (TOP.fsdb)
164 *Verdi* : Create FSDB file 'TOP.fsdb'
