 
****************************************
Report : area
Design : fp16MAC
Version: O-2018.06-SP4
Date   : Fri Dec 23 23:44:49 2022
****************************************

Information: Updating design information... (UID-85)
Library(s) Used:

    saed32rvt_ff1p16vn40c (File: /data/SYNOPSYS/lib/32nm/SAED32_EDK/lib/stdcell_rvt/db_ccs/saed32rvt_ff1p16vn40c.db)

Number of ports:                         4643
Number of nets:                          7599
Number of cells:                         3686
Number of combinational cells:           2906
Number of sequential cells:                80
Number of macros/black boxes:               0
Number of buf/inv:                        147
Number of references:                       4

Combinational area:               8849.294124
Buf/Inv area:                      194.420162
Noncombinational area:             569.282570
Macro/Black Box area:                0.000000
Net Interconnect area:            1586.246035

Total cell area:                  9418.576694
Total area:                      11004.822730
1
